Build started 14/05/2015 02:29:45.
     1>Project "C:\Nir\לימודים\code\sp2015\sp_2015\ex2\sp_ex2\sp_ex2\sp_ex2.vcxproj" on node 2 (build target(s)).
     1>InitializeBuildStatus:
         Creating "Debug\sp_ex2.unsuccessfulbuild" because "AlwaysCreate" was specified.
       ClCompile:
         c:\Program Files (x86)\Microsoft Visual Studio 10.0\VC\bin\CL.exe /c /ZI /nologo /W3 /WX- /Od /Oy- /D _MBCS /Gm /EHsc /RTC1 /MDd /GS /fp:precise /Zc:wchar_t /Zc:forScope /Fo"Debug\\" /Fd"Debug\vc100.pdb" /Gd /TC /analyze- /errorReport:prompt polynomial.c
         polynomial.c
     1>c:\nir\לימודים\code\sp2015\sp_2015\ex2\sp_ex2\sp_ex2\polynomial.c(363): warning C4996: 'sscanf': This function or variable may be unsafe. Consider using sscanf_s instead. To disable deprecation, use _CRT_SECURE_NO_WARNINGS. See online help for details.
                 c:\program files (x86)\microsoft visual studio 10.0\vc\include\stdio.h(325) : see declaration of 'sscanf'
     1>c:\nir\לימודים\code\sp2015\sp_2015\ex2\sp_ex2\sp_ex2\polynomial.c(378): warning C4996: 'sscanf': This function or variable may be unsafe. Consider using sscanf_s instead. To disable deprecation, use _CRT_SECURE_NO_WARNINGS. See online help for details.
                 c:\program files (x86)\microsoft visual studio 10.0\vc\include\stdio.h(325) : see declaration of 'sscanf'
     1>c:\nir\לימודים\code\sp2015\sp_2015\ex2\sp_ex2\sp_ex2\polynomial.c(397): warning C4996: 'sscanf': This function or variable may be unsafe. Consider using sscanf_s instead. To disable deprecation, use _CRT_SECURE_NO_WARNINGS. See online help for details.
                 c:\program files (x86)\microsoft visual studio 10.0\vc\include\stdio.h(325) : see declaration of 'sscanf'
     1>c:\nir\לימודים\code\sp2015\sp_2015\ex2\sp_ex2\sp_ex2\polynomial.c(538): warning C4996: 'strcpy': This function or variable may be unsafe. Consider using strcpy_s instead. To disable deprecation, use _CRT_SECURE_NO_WARNINGS. See online help for details.
                 c:\program files (x86)\microsoft visual studio 10.0\vc\include\string.h(105) : see declaration of 'strcpy'
     1>c:\nir\לימודים\code\sp2015\sp_2015\ex2\sp_ex2\sp_ex2\polynomial.c(720): warning C4996: 'strncpy': This function or variable may be unsafe. Consider using strncpy_s instead. To disable deprecation, use _CRT_SECURE_NO_WARNINGS. See online help for details.
                 c:\program files (x86)\microsoft visual studio 10.0\vc\include\string.h(188) : see declaration of 'strncpy'
     1>c:\nir\לימודים\code\sp2015\sp_2015\ex2\sp_ex2\sp_ex2\polynomial.c(771): warning C4996: 'strncpy': This function or variable may be unsafe. Consider using strncpy_s instead. To disable deprecation, use _CRT_SECURE_NO_WARNINGS. See online help for details.
                 c:\program files (x86)\microsoft visual studio 10.0\vc\include\string.h(188) : see declaration of 'strncpy'
     1>c:\nir\לימודים\code\sp2015\sp_2015\ex2\sp_ex2\sp_ex2\polynomial.c(806): warning C4244: 'initializing' : conversion from 'double' to 'float', possible loss of data
     1>c:\nir\לימודים\code\sp2015\sp_2015\ex2\sp_ex2\sp_ex2\polynomial.c(1033): warning C4996: 'sscanf': This function or variable may be unsafe. Consider using sscanf_s instead. To disable deprecation, use _CRT_SECURE_NO_WARNINGS. See online help for details.
                 c:\program files (x86)\microsoft visual studio 10.0\vc\include\stdio.h(325) : see declaration of 'sscanf'
     1>c:\nir\לימודים\code\sp2015\sp_2015\ex2\sp_ex2\sp_ex2\polynomial.c(885): warning C4700: uninitialized local variable 'p3_copy' used
       Link:
         c:\Program Files (x86)\Microsoft Visual Studio 10.0\VC\bin\link.exe /ERRORREPORT:PROMPT /OUT:"C:\Nir\לימודים\code\sp2015\sp_2015\ex2\sp_ex2\Debug\sp_ex2.exe" /NOLOGO kernel32.lib user32.lib gdi32.lib winspool.lib comdlg32.lib advapi32.lib shell32.lib ole32.lib oleaut32.lib uuid.lib odbc32.lib odbccp32.lib /MANIFEST /ManifestFile:"Debug\sp_ex2.exe.intermediate.manifest" /MANIFESTUAC:"level='asInvoker' uiAccess='false'" /DEBUG /PDB:"C:\Nir\לימודים\code\sp2015\sp_2015\ex2\sp_ex2\Debug\sp_ex2.pdb" /TLBID:1 /DYNAMICBASE /NXCOMPAT /IMPLIB:"C:\Nir\לימודים\code\sp2015\sp_2015\ex2\sp_ex2\Debug\sp_ex2.lib" /MACHINE:X86 Debug\polynomial.obj
         Debug\test.obj
         LINK : C:\Nir\לימודים\code\sp2015\sp_2015\ex2\sp_ex2\Debug\sp_ex2.exe not found or not built by the last incremental link; performing full link
         sp_ex2.vcxproj -> C:\Nir\לימודים\code\sp2015\sp_2015\ex2\sp_ex2\Debug\sp_ex2.exe
       Manifest:
         C:\Program Files (x86)\Microsoft SDKs\Windows\v7.0A\bin\mt.exe /nologo /verbose /outputresource:"C:\Nir\לימודים\code\sp2015\sp_2015\ex2\sp_ex2\Debug\sp_ex2.exe;#1" /manifest Debug\sp_ex2.exe.intermediate.manifest
       FinalizeBuildStatus:
         Deleting file "Debug\sp_ex2.unsuccessfulbuild".
         Touching "Debug\sp_ex2.lastbuildstate".
     1>Done Building Project "C:\Nir\לימודים\code\sp2015\sp_2015\ex2\sp_ex2\sp_ex2\sp_ex2.vcxproj" (build target(s)).

Build succeeded.

Time Elapsed 00:00:00.24
